<?xml version="1.0" encoding="UTF-8"?>
<testsuite name="com.group.libraryapp.service.user.JavaUserServiceTest" tests="4" skipped="0" failures="0" errors="0" timestamp="2024-02-07T09:52:21" hostname="UKNOW" time="0.105">
  <properties/>
  <testcase name="유저 저장 테스트" classname="com.group.libraryapp.service.user.JavaUserServiceTest" time="0.02"/>
  <testcase name="유저 이름 수정 테스트" classname="com.group.libraryapp.service.user.JavaUserServiceTest" time="0.021"/>
  <testcase name="유저 조회 테스트" classname="com.group.libraryapp.service.user.JavaUserServiceTest" time="0.037"/>
  <testcase name="유저 나이 수정 테스트" classname="com.group.libraryapp.service.user.JavaUserServiceTest" time="0.022"/>
  <system-out><![CDATA[2024-02-07 18:52:21.525  INFO 23996 --- [    Test worker] .b.t.c.SpringBootTestContextBootstrapper : Neither @ContextConfiguration nor @ContextHierarchy found for test class [com.group.libraryapp.service.user.JavaUserServiceTest], using SpringBootContextLoader
2024-02-07 18:52:21.525  INFO 23996 --- [    Test worker] o.s.t.c.support.AbstractContextLoader    : Could not detect default resource locations for test class [com.group.libraryapp.service.user.JavaUserServiceTest]: no resource found for suffixes {-context.xml, Context.groovy}.
2024-02-07 18:52:21.525  INFO 23996 --- [    Test worker] t.c.s.AnnotationConfigContextLoaderUtils : Could not detect default configuration classes for test class [com.group.libraryapp.service.user.JavaUserServiceTest]: JavaUserServiceTest does not declare any static, non-private, non-final, nested classes annotated with @Configuration.
2024-02-07 18:52:21.531  INFO 23996 --- [    Test worker] .b.t.c.SpringBootTestContextBootstrapper : Found @SpringBootConfiguration com.group.libraryapp.LibraryAppApplication for test class com.group.libraryapp.service.user.JavaUserServiceTest
2024-02-07 18:52:21.534  INFO 23996 --- [    Test worker] .b.t.c.SpringBootTestContextBootstrapper : Loaded default TestExecutionListener class names from location [META-INF/spring.factories]: [org.springframework.boot.test.autoconfigure.restdocs.RestDocsTestExecutionListener, org.springframework.boot.test.autoconfigure.web.client.MockRestServiceServerResetTestExecutionListener, org.springframework.boot.test.autoconfigure.web.servlet.MockMvcPrintOnlyOnFailureTestExecutionListener, org.springframework.boot.test.autoconfigure.web.servlet.WebDriverTestExecutionListener, org.springframework.boot.test.autoconfigure.webservices.client.MockWebServiceServerTestExecutionListener, org.springframework.boot.test.mock.mockito.MockitoTestExecutionListener, org.springframework.boot.test.mock.mockito.ResetMocksTestExecutionListener, org.springframework.test.context.web.ServletTestExecutionListener, org.springframework.test.context.support.DirtiesContextBeforeModesTestExecutionListener, org.springframework.test.context.event.ApplicationEventsTestExecutionListener, org.springframework.test.context.support.DependencyInjectionTestExecutionListener, org.springframework.test.context.support.DirtiesContextTestExecutionListener, org.springframework.test.context.transaction.TransactionalTestExecutionListener, org.springframework.test.context.jdbc.SqlScriptsTestExecutionListener, org.springframework.test.context.event.EventPublishingTestExecutionListener]
2024-02-07 18:52:21.534  INFO 23996 --- [    Test worker] .b.t.c.SpringBootTestContextBootstrapper : Using TestExecutionListeners: [org.springframework.test.context.web.ServletTestExecutionListener@51a65f56, org.springframework.test.context.support.DirtiesContextBeforeModesTestExecutionListener@8d5b303, org.springframework.test.context.event.ApplicationEventsTestExecutionListener@5984742f, org.springframework.boot.test.mock.mockito.MockitoTestExecutionListener@56a6aadb, org.springframework.boot.test.autoconfigure.SpringBootDependencyInjectionTestExecutionListener@359903b6, org.springframework.test.context.support.DirtiesContextTestExecutionListener@1071f3ad, org.springframework.test.context.transaction.TransactionalTestExecutionListener@6aaed880, org.springframework.test.context.jdbc.SqlScriptsTestExecutionListener@9bd477c, org.springframework.test.context.event.EventPublishingTestExecutionListener@7444714e, org.springframework.boot.test.autoconfigure.restdocs.RestDocsTestExecutionListener@6b3708f0, org.springframework.boot.test.autoconfigure.web.client.MockRestServiceServerResetTestExecutionListener@77c1a7ce, org.springframework.boot.test.autoconfigure.web.servlet.MockMvcPrintOnlyOnFailureTestExecutionListener@14a488ed, org.springframework.boot.test.autoconfigure.web.servlet.WebDriverTestExecutionListener@433d5536, org.springframework.boot.test.autoconfigure.webservices.client.MockWebServiceServerTestExecutionListener@101eb529, org.springframework.boot.test.mock.mockito.ResetMocksTestExecutionListener@6a9b8f33]
Hibernate: 
    insert 
    into
        user
        (id, age, name) 
    values
        (default, ?, ?)
Hibernate: 
    select
        user0_.id as id1_1_,
        user0_.age as age2_1_,
        user0_.name as name3_1_ 
    from
        user user0_
Hibernate: 
    select
        user0_.id as id1_1_,
        user0_.age as age2_1_,
        user0_.name as name3_1_ 
    from
        user user0_
Hibernate: 
    select
        loanhistor0_.user_id as user_id4_2_0_,
        loanhistor0_.id as id1_2_0_,
        loanhistor0_.id as id1_2_1_,
        loanhistor0_.book_name as book_nam2_2_1_,
        loanhistor0_.is_return as is_retur3_2_1_,
        loanhistor0_.user_id as user_id4_2_1_ 
    from
        user_loan_history loanhistor0_ 
    where
        loanhistor0_.user_id=?
Hibernate: 
    delete 
    from
        user 
    where
        id=?
Hibernate: 
    insert 
    into
        user
        (id, age, name) 
    values
        (default, ?, ?)
Hibernate: 
    select
        user0_.id as id1_1_0_,
        user0_.age as age2_1_0_,
        user0_.name as name3_1_0_ 
    from
        user user0_ 
    where
        user0_.id=?
Hibernate: 
    update
        user 
    set
        age=?,
        name=? 
    where
        id=?
Hibernate: 
    select
        user0_.id as id1_1_,
        user0_.age as age2_1_,
        user0_.name as name3_1_ 
    from
        user user0_
Hibernate: 
    select
        user0_.id as id1_1_,
        user0_.age as age2_1_,
        user0_.name as name3_1_ 
    from
        user user0_
Hibernate: 
    select
        loanhistor0_.user_id as user_id4_2_0_,
        loanhistor0_.id as id1_2_0_,
        loanhistor0_.id as id1_2_1_,
        loanhistor0_.book_name as book_nam2_2_1_,
        loanhistor0_.is_return as is_retur3_2_1_,
        loanhistor0_.user_id as user_id4_2_1_ 
    from
        user_loan_history loanhistor0_ 
    where
        loanhistor0_.user_id=?
Hibernate: 
    delete 
    from
        user 
    where
        id=?
Hibernate: 
    insert 
    into
        user
        (id, age, name) 
    values
        (default, ?, ?)
Hibernate: 
    insert 
    into
        user
        (id, age, name) 
    values
        (default, ?, ?)
Hibernate: 
    select
        user0_.id as id1_1_,
        user0_.age as age2_1_,
        user0_.name as name3_1_ 
    from
        user user0_
Hibernate: 
    select
        user0_.id as id1_1_,
        user0_.age as age2_1_,
        user0_.name as name3_1_ 
    from
        user user0_
Hibernate: 
    select
        loanhistor0_.user_id as user_id4_2_0_,
        loanhistor0_.id as id1_2_0_,
        loanhistor0_.id as id1_2_1_,
        loanhistor0_.book_name as book_nam2_2_1_,
        loanhistor0_.is_return as is_retur3_2_1_,
        loanhistor0_.user_id as user_id4_2_1_ 
    from
        user_loan_history loanhistor0_ 
    where
        loanhistor0_.user_id=?
Hibernate: 
    select
        loanhistor0_.user_id as user_id4_2_0_,
        loanhistor0_.id as id1_2_0_,
        loanhistor0_.id as id1_2_1_,
        loanhistor0_.book_name as book_nam2_2_1_,
        loanhistor0_.is_return as is_retur3_2_1_,
        loanhistor0_.user_id as user_id4_2_1_ 
    from
        user_loan_history loanhistor0_ 
    where
        loanhistor0_.user_id=?
Hibernate: 
    delete 
    from
        user 
    where
        id=?
Hibernate: 
    delete 
    from
        user 
    where
        id=?
Hibernate: 
    insert 
    into
        user
        (id, age, name) 
    values
        (default, ?, ?)
Hibernate: 
    select
        user0_.id as id1_1_,
        user0_.age as age2_1_,
        user0_.name as name3_1_ 
    from
        user user0_ 
    where
        user0_.name=?
Hibernate: 
    select
        loanhistor0_.user_id as user_id4_2_0_,
        loanhistor0_.id as id1_2_0_,
        loanhistor0_.id as id1_2_1_,
        loanhistor0_.book_name as book_nam2_2_1_,
        loanhistor0_.is_return as is_retur3_2_1_,
        loanhistor0_.user_id as user_id4_2_1_ 
    from
        user_loan_history loanhistor0_ 
    where
        loanhistor0_.user_id=?
Hibernate: 
    delete 
    from
        user 
    where
        id=?
Hibernate: 
    select
        user0_.id as id1_1_,
        user0_.age as age2_1_,
        user0_.name as name3_1_ 
    from
        user user0_
Hibernate: 
    select
        user0_.id as id1_1_,
        user0_.age as age2_1_,
        user0_.name as name3_1_ 
    from
        user user0_
]]></system-out>
  <system-err><![CDATA[]]></system-err>
</testsuite>
