<?xml version="1.0" encoding="UTF-8"?>
<testsuite name="com.group.libraryapp.service.user.JavaUserServiceTest" tests="4" skipped="0" failures="0" errors="0" timestamp="2024-01-29T08:25:52" hostname="UKNOW" time="0.067">
  <properties/>
  <testcase name="유저 저장 테스트" classname="com.group.libraryapp.service.user.JavaUserServiceTest" time="0.015"/>
  <testcase name="유저 이름 수정 테스트" classname="com.group.libraryapp.service.user.JavaUserServiceTest" time="0.016"/>
  <testcase name="유저 조회 테스트" classname="com.group.libraryapp.service.user.JavaUserServiceTest" time="0.021"/>
  <testcase name="유저 나이 수정 테스트" classname="com.group.libraryapp.service.user.JavaUserServiceTest" time="0.011"/>
  <system-out><![CDATA[2024-01-29 17:25:52.532  INFO 24744 --- [    Test worker] .b.t.c.SpringBootTestContextBootstrapper : Neither @ContextConfiguration nor @ContextHierarchy found for test class [com.group.libraryapp.service.user.JavaUserServiceTest], using SpringBootContextLoader
2024-01-29 17:25:52.532  INFO 24744 --- [    Test worker] o.s.t.c.support.AbstractContextLoader    : Could not detect default resource locations for test class [com.group.libraryapp.service.user.JavaUserServiceTest]: no resource found for suffixes {-context.xml, Context.groovy}.
2024-01-29 17:25:52.532  INFO 24744 --- [    Test worker] t.c.s.AnnotationConfigContextLoaderUtils : Could not detect default configuration classes for test class [com.group.libraryapp.service.user.JavaUserServiceTest]: JavaUserServiceTest does not declare any static, non-private, non-final, nested classes annotated with @Configuration.
2024-01-29 17:25:52.536  INFO 24744 --- [    Test worker] .b.t.c.SpringBootTestContextBootstrapper : Found @SpringBootConfiguration com.group.libraryapp.LibraryAppApplication for test class com.group.libraryapp.service.user.JavaUserServiceTest
2024-01-29 17:25:52.537  INFO 24744 --- [    Test worker] .b.t.c.SpringBootTestContextBootstrapper : Loaded default TestExecutionListener class names from location [META-INF/spring.factories]: [org.springframework.boot.test.autoconfigure.restdocs.RestDocsTestExecutionListener, org.springframework.boot.test.autoconfigure.web.client.MockRestServiceServerResetTestExecutionListener, org.springframework.boot.test.autoconfigure.web.servlet.MockMvcPrintOnlyOnFailureTestExecutionListener, org.springframework.boot.test.autoconfigure.web.servlet.WebDriverTestExecutionListener, org.springframework.boot.test.autoconfigure.webservices.client.MockWebServiceServerTestExecutionListener, org.springframework.boot.test.mock.mockito.MockitoTestExecutionListener, org.springframework.boot.test.mock.mockito.ResetMocksTestExecutionListener, org.springframework.test.context.web.ServletTestExecutionListener, org.springframework.test.context.support.DirtiesContextBeforeModesTestExecutionListener, org.springframework.test.context.event.ApplicationEventsTestExecutionListener, org.springframework.test.context.support.DependencyInjectionTestExecutionListener, org.springframework.test.context.support.DirtiesContextTestExecutionListener, org.springframework.test.context.transaction.TransactionalTestExecutionListener, org.springframework.test.context.jdbc.SqlScriptsTestExecutionListener, org.springframework.test.context.event.EventPublishingTestExecutionListener]
2024-01-29 17:25:52.537  INFO 24744 --- [    Test worker] .b.t.c.SpringBootTestContextBootstrapper : Using TestExecutionListeners: [org.springframework.test.context.web.ServletTestExecutionListener@33d75081, org.springframework.test.context.support.DirtiesContextBeforeModesTestExecutionListener@327af731, org.springframework.test.context.event.ApplicationEventsTestExecutionListener@2fb171f5, org.springframework.boot.test.mock.mockito.MockitoTestExecutionListener@19203ff3, org.springframework.boot.test.autoconfigure.SpringBootDependencyInjectionTestExecutionListener@10fa270e, org.springframework.test.context.support.DirtiesContextTestExecutionListener@75dc995f, org.springframework.test.context.transaction.TransactionalTestExecutionListener@51c660c8, org.springframework.test.context.jdbc.SqlScriptsTestExecutionListener@498102a4, org.springframework.test.context.event.EventPublishingTestExecutionListener@8829ecd, org.springframework.boot.test.autoconfigure.restdocs.RestDocsTestExecutionListener@1985f8e3, org.springframework.boot.test.autoconfigure.web.client.MockRestServiceServerResetTestExecutionListener@7ba70b3b, org.springframework.boot.test.autoconfigure.web.servlet.MockMvcPrintOnlyOnFailureTestExecutionListener@3a72b2c9, org.springframework.boot.test.autoconfigure.web.servlet.WebDriverTestExecutionListener@269a37bc, org.springframework.boot.test.autoconfigure.webservices.client.MockWebServiceServerTestExecutionListener@106e816c, org.springframework.boot.test.mock.mockito.ResetMocksTestExecutionListener@53d3ae89]
Hibernate: 
    insert 
    into
        user
        (id, age, name) 
    values
        (default, ?, ?)
Hibernate: 
    select
        user0_.id as id1_1_,
        user0_.age as age2_1_,
        user0_.name as name3_1_ 
    from
        user user0_
Hibernate: 
    select
        user0_.id as id1_1_,
        user0_.age as age2_1_,
        user0_.name as name3_1_ 
    from
        user user0_
Hibernate: 
    select
        loanhistor0_.user_id as user_id4_2_0_,
        loanhistor0_.id as id1_2_0_,
        loanhistor0_.id as id1_2_1_,
        loanhistor0_.book_name as book_nam2_2_1_,
        loanhistor0_.is_return as is_retur3_2_1_,
        loanhistor0_.user_id as user_id4_2_1_ 
    from
        user_loan_history loanhistor0_ 
    where
        loanhistor0_.user_id=?
Hibernate: 
    delete 
    from
        user 
    where
        id=?
Hibernate: 
    insert 
    into
        user
        (id, age, name) 
    values
        (default, ?, ?)
Hibernate: 
    select
        user0_.id as id1_1_0_,
        user0_.age as age2_1_0_,
        user0_.name as name3_1_0_ 
    from
        user user0_ 
    where
        user0_.id=?
Hibernate: 
    update
        user 
    set
        age=?,
        name=? 
    where
        id=?
Hibernate: 
    select
        user0_.id as id1_1_,
        user0_.age as age2_1_,
        user0_.name as name3_1_ 
    from
        user user0_
Hibernate: 
    select
        user0_.id as id1_1_,
        user0_.age as age2_1_,
        user0_.name as name3_1_ 
    from
        user user0_
Hibernate: 
    select
        loanhistor0_.user_id as user_id4_2_0_,
        loanhistor0_.id as id1_2_0_,
        loanhistor0_.id as id1_2_1_,
        loanhistor0_.book_name as book_nam2_2_1_,
        loanhistor0_.is_return as is_retur3_2_1_,
        loanhistor0_.user_id as user_id4_2_1_ 
    from
        user_loan_history loanhistor0_ 
    where
        loanhistor0_.user_id=?
Hibernate: 
    delete 
    from
        user 
    where
        id=?
Hibernate: 
    insert 
    into
        user
        (id, age, name) 
    values
        (default, ?, ?)
Hibernate: 
    insert 
    into
        user
        (id, age, name) 
    values
        (default, ?, ?)
Hibernate: 
    select
        user0_.id as id1_1_,
        user0_.age as age2_1_,
        user0_.name as name3_1_ 
    from
        user user0_
Hibernate: 
    select
        user0_.id as id1_1_,
        user0_.age as age2_1_,
        user0_.name as name3_1_ 
    from
        user user0_
Hibernate: 
    select
        loanhistor0_.user_id as user_id4_2_0_,
        loanhistor0_.id as id1_2_0_,
        loanhistor0_.id as id1_2_1_,
        loanhistor0_.book_name as book_nam2_2_1_,
        loanhistor0_.is_return as is_retur3_2_1_,
        loanhistor0_.user_id as user_id4_2_1_ 
    from
        user_loan_history loanhistor0_ 
    where
        loanhistor0_.user_id=?
Hibernate: 
    select
        loanhistor0_.user_id as user_id4_2_0_,
        loanhistor0_.id as id1_2_0_,
        loanhistor0_.id as id1_2_1_,
        loanhistor0_.book_name as book_nam2_2_1_,
        loanhistor0_.is_return as is_retur3_2_1_,
        loanhistor0_.user_id as user_id4_2_1_ 
    from
        user_loan_history loanhistor0_ 
    where
        loanhistor0_.user_id=?
Hibernate: 
    delete 
    from
        user 
    where
        id=?
Hibernate: 
    delete 
    from
        user 
    where
        id=?
Hibernate: 
    insert 
    into
        user
        (id, age, name) 
    values
        (default, ?, ?)
Hibernate: 
    select
        user0_.id as id1_1_,
        user0_.age as age2_1_,
        user0_.name as name3_1_ 
    from
        user user0_ 
    where
        user0_.name=?
Hibernate: 
    select
        loanhistor0_.user_id as user_id4_2_0_,
        loanhistor0_.id as id1_2_0_,
        loanhistor0_.id as id1_2_1_,
        loanhistor0_.book_name as book_nam2_2_1_,
        loanhistor0_.is_return as is_retur3_2_1_,
        loanhistor0_.user_id as user_id4_2_1_ 
    from
        user_loan_history loanhistor0_ 
    where
        loanhistor0_.user_id=?
Hibernate: 
    delete 
    from
        user 
    where
        id=?
Hibernate: 
    select
        user0_.id as id1_1_,
        user0_.age as age2_1_,
        user0_.name as name3_1_ 
    from
        user user0_
Hibernate: 
    select
        user0_.id as id1_1_,
        user0_.age as age2_1_,
        user0_.name as name3_1_ 
    from
        user user0_
]]></system-out>
  <system-err><![CDATA[]]></system-err>
</testsuite>
